生成启动时间为 2018/1/12 17:49:33。
     1>项目“D:\程序设计基础\Gluttonous Snake\Gluttonous Snake\Gluttonous Snake.vcxproj”在节点 2 上(build 个目标)。
     1>InitializeBuildStatus:
         正在创建“Debug\Gluttonous Snake.unsuccessfulbuild”，因为已指定“AlwaysCreate”。
       ClCompile:
         D:\APP\VS2010\VC\bin\CL.exe /c /ZI /nologo /W3 /WX- /Od /Oy- /D WIN32 /D _DEBUG /D _CONSOLE /D _UNICODE /D UNICODE /Gm /EHsc /RTC1 /MDd /GS /fp:precise /Zc:wchar_t /Zc:forScope /Fo"Debug\\" /Fd"Debug\vc100.pdb" /Gd /TP /analyze- /errorReport:prompt "Gluttonous Snake.cpp"
         Gluttonous Snake.cpp
     1>d:\程序设计基础\gluttonous snake\gluttonous snake\gluttonous snake.cpp(57): warning C4305: “-=”: 从“double”到“float”截断
     1>d:\程序设计基础\gluttonous snake\gluttonous snake\gluttonous snake.cpp(93): warning C4244: “初始化”: 从“double”转换到“clock_t”，可能丢失数据
     1>d:\程序设计基础\gluttonous snake\gluttonous snake\gluttonous snake.cpp(220): warning C4996: 'kbhit': The POSIX name for this item is deprecated. Instead, use the ISO C++ conformant name: _kbhit. See online help for details.
                 d:\app\vs2010\vc\include\conio.h(130) : 参见“kbhit”的声明
     1>d:\程序设计基础\gluttonous snake\gluttonous snake\gluttonous snake.cpp(222): warning C4996: 'getch': The POSIX name for this item is deprecated. Instead, use the ISO C++ conformant name: _getch. See online help for details.
                 d:\app\vs2010\vc\include\conio.h(128) : 参见“getch”的声明
       ManifestResourceCompile:
         所有输出均为最新。
       Link:
         D:\APP\VS2010\VC\bin\link.exe /ERRORREPORT:PROMPT /OUT:"D:\程序设计基础\Gluttonous Snake\Debug\Gluttonous Snake.exe" /INCREMENTAL /NOLOGO kernel32.lib user32.lib gdi32.lib winspool.lib comdlg32.lib advapi32.lib shell32.lib ole32.lib oleaut32.lib uuid.lib odbc32.lib odbccp32.lib /MANIFEST /ManifestFile:"Debug\Gluttonous Snake.exe.intermediate.manifest" /MANIFESTUAC:"level='asInvoker' uiAccess='false'" /DEBUG /PDB:"D:\程序设计基础\Gluttonous Snake\Debug\Gluttonous Snake.pdb" /SUBSYSTEM:CONSOLE /TLBID:1 /DYNAMICBASE /NXCOMPAT /IMPLIB:"D:\程序设计基础\Gluttonous Snake\Debug\Gluttonous Snake.lib" /MACHINE:X86 "Debug\Gluttonous Snake.exe.embed.manifest.res"
         "Debug\Gluttonous Snake.obj"
       Manifest:
         C:\Program Files (x86)\Microsoft SDKs\Windows\v7.0A\bin\mt.exe /nologo /verbose /out:"Debug\Gluttonous Snake.exe.embed.manifest" /manifest "Debug\Gluttonous Snake.exe.intermediate.manifest"
         所有输出均为最新。
       LinkEmbedManifest:
         所有输出均为最新。
         Gluttonous Snake.vcxproj -> D:\程序设计基础\Gluttonous Snake\Debug\Gluttonous Snake.exe
       FinalizeBuildStatus:
         正在删除文件“Debug\Gluttonous Snake.unsuccessfulbuild”。
         正在对“Debug\Gluttonous Snake.lastbuildstate”执行 Touch 任务。
     1>已完成生成项目“D:\程序设计基础\Gluttonous Snake\Gluttonous Snake\Gluttonous Snake.vcxproj”(build 个目标)的操作。

生成成功。

已用时间 00:00:01.75
